root - INFO - Bot started
telegram.ext.updater - WARNING - Exiting immediately!
2017-09-03 14:46:12,000 - INFO - Bot started
2017-09-03 14:50:04,911 - WARNING - Exiting immediately!
2017-09-03 14:50:16,981 - INFO - Bot started
2017-09-03 14:50:48,554 - WARNING - Exiting immediately!
2017-09-03 15:00:04,758 - INFO - Bot started
2017-09-03 15:00:38,666 - WARNING - Exiting immediately!
2017-09-03 15:00:44,605 - INFO - Bot started
2017-09-03 16:41:32,341 - INFO - Bot started
2017-09-03 16:41:54,027 - WARNING - Exiting immediately!
2017-09-03 16:56:34,937 - INFO - Bot started
2017-09-03 16:57:11,713 - INFO - Bot started
2017-09-03 17:01:10,471 - INFO - Bot started
2017-09-03 17:01:18,527 - INFO - Ghbdtn
2017-09-03 17:01:29,337 - INFO - start
2017-09-03 17:01:49,444 - WARNING - Exiting immediately!
2017-09-03 17:07:10,963 - INFO - Bot started
2017-09-03 17:07:20,050 - INFO - fgbg
2017-09-03 17:08:00,391 - WARNING - Exiting immediately!
